2020-06-14 00:44:28,146 INFO com.recipies.Myrecipies_app.MyrecipiesAppApplication [restartedMain] Starting MyrecipiesAppApplication on HP with PID 7420 (started by Kavana in C:\Users\Kavana\Desktop\New folder (2)\demo\demo)
2020-06-14 00:44:28,494 DEBUG com.recipies.Myrecipies_app.MyrecipiesAppApplication [restartedMain] Running with Spring Boot v2.1.4.RELEASE, Spring v5.1.6.RELEASE
2020-06-14 00:44:28,497 INFO com.recipies.Myrecipies_app.MyrecipiesAppApplication [restartedMain] No active profile set, falling back to default profiles: default
2020-06-14 00:44:29,727 INFO org.springframework.boot.devtools.env.DevToolsPropertyDefaultsPostProcessor [restartedMain] Devtools property defaults active! Set 'spring.devtools.add-properties' to 'false' to disable
2020-06-14 00:44:29,728 INFO org.springframework.boot.devtools.env.DevToolsPropertyDefaultsPostProcessor [restartedMain] For additional web related logging consider setting the 'logging.level.web' property to 'DEBUG'
2020-06-14 00:44:58,331 INFO org.springframework.data.repository.config.RepositoryConfigurationDelegate [restartedMain] Bootstrapping Spring Data repositories in DEFAULT mode.
2020-06-14 00:44:59,591 INFO org.springframework.data.repository.config.RepositoryConfigurationDelegate [restartedMain] Finished Spring Data repository scanning in 1107ms. Found 6 repository interfaces.
2020-06-14 00:45:05,790 INFO org.springframework.context.support.PostProcessorRegistrationDelegate$BeanPostProcessorChecker [restartedMain] Bean 'org.springframework.transaction.annotation.ProxyTransactionManagementConfiguration' of type [org.springframework.transaction.annotation.ProxyTransactionManagementConfiguration$$EnhancerBySpringCGLIB$$d40fa512] is not eligible for getting processed by all BeanPostProcessors (for example: not eligible for auto-proxying)
2020-06-14 00:45:06,312 INFO org.springframework.context.support.PostProcessorRegistrationDelegate$BeanPostProcessorChecker [restartedMain] Bean 'org.springframework.security.config.annotation.configuration.ObjectPostProcessorConfiguration' of type [org.springframework.security.config.annotation.configuration.ObjectPostProcessorConfiguration$$EnhancerBySpringCGLIB$$6cbd6d4c] is not eligible for getting processed by all BeanPostProcessors (for example: not eligible for auto-proxying)
2020-06-14 00:45:06,463 INFO org.springframework.context.support.PostProcessorRegistrationDelegate$BeanPostProcessorChecker [restartedMain] Bean 'objectPostProcessor' of type [org.springframework.security.config.annotation.configuration.AutowireBeanFactoryObjectPostProcessor] is not eligible for getting processed by all BeanPostProcessors (for example: not eligible for auto-proxying)
2020-06-14 00:45:06,471 INFO org.springframework.context.support.PostProcessorRegistrationDelegate$BeanPostProcessorChecker [restartedMain] Bean 'org.springframework.security.access.expression.method.DefaultMethodSecurityExpressionHandler@6791cf30' of type [org.springframework.security.access.expression.method.DefaultMethodSecurityExpressionHandler] is not eligible for getting processed by all BeanPostProcessors (for example: not eligible for auto-proxying)
2020-06-14 00:45:06,583 INFO org.springframework.context.support.PostProcessorRegistrationDelegate$BeanPostProcessorChecker [restartedMain] Bean 'org.springframework.security.config.annotation.method.configuration.GlobalMethodSecurityConfiguration' of type [org.springframework.security.config.annotation.method.configuration.GlobalMethodSecurityConfiguration$$EnhancerBySpringCGLIB$$91920ffe] is not eligible for getting processed by all BeanPostProcessors (for example: not eligible for auto-proxying)
2020-06-14 00:45:06,797 INFO org.springframework.context.support.PostProcessorRegistrationDelegate$BeanPostProcessorChecker [restartedMain] Bean 'methodSecurityMetadataSource' of type [org.springframework.security.access.method.DelegatingMethodSecurityMetadataSource] is not eligible for getting processed by all BeanPostProcessors (for example: not eligible for auto-proxying)
2020-06-14 00:45:06,912 INFO org.springframework.context.support.PostProcessorRegistrationDelegate$BeanPostProcessorChecker [restartedMain] Bean 'org.springframework.hateoas.config.HateoasConfiguration' of type [org.springframework.hateoas.config.HateoasConfiguration$$EnhancerBySpringCGLIB$$538ff244] is not eligible for getting processed by all BeanPostProcessors (for example: not eligible for auto-proxying)
2020-06-14 00:45:29,013 INFO org.springframework.boot.web.embedded.tomcat.TomcatWebServer [restartedMain] Tomcat initialized with port(s): 8080 (http)
2020-06-14 00:45:31,784 INFO org.springframework.web.context.ContextLoader [restartedMain] Root WebApplicationContext: initialization completed in 62055 ms
2020-06-14 00:45:43,698 DEBUG com.recipies.Myrecipies_app.jwt.JwtTokenAuthorizationOncePerRequestFilter [restartedMain] Filter 'jwtTokenAuthorizationOncePerRequestFilter' configured for use
2020-06-14 00:47:36,703 INFO org.springframework.orm.jpa.LocalContainerEntityManagerFactoryBean [restartedMain] Initialized JPA EntityManagerFactory for persistence unit 'default'
2020-06-14 00:47:37,101 INFO org.springframework.boot.devtools.autoconfigure.OptionalLiveReloadServer [restartedMain] LiveReload server is running on port 35729
2020-06-14 00:48:01,569 INFO org.springframework.security.web.DefaultSecurityFilterChain [restartedMain] Creating filter chain: Ant [pattern='/authenticate', POST], []
2020-06-14 00:48:01,570 INFO org.springframework.security.web.DefaultSecurityFilterChain [restartedMain] Creating filter chain: Ant [pattern='/**', OPTIONS], []
2020-06-14 00:48:01,570 INFO org.springframework.security.web.DefaultSecurityFilterChain [restartedMain] Creating filter chain: Ant [pattern='/', GET], []
2020-06-14 00:48:01,570 INFO org.springframework.security.web.DefaultSecurityFilterChain [restartedMain] Creating filter chain: Ant [pattern='/api/RecipeList/recipes'], []
2020-06-14 00:48:01,571 INFO org.springframework.security.web.DefaultSecurityFilterChain [restartedMain] Creating filter chain: Ant [pattern='/h2-console/**/**'], []
2020-06-14 00:48:05,986 INFO org.springframework.security.web.DefaultSecurityFilterChain [restartedMain] Creating filter chain: any request, [org.springframework.security.web.context.request.async.WebAsyncManagerIntegrationFilter@7b9dee58, org.springframework.security.web.context.SecurityContextPersistenceFilter@7a6e80e2, org.springframework.security.web.header.HeaderWriterFilter@68f5479d, org.springframework.security.web.authentication.logout.LogoutFilter@7acbe854, com.recipies.Myrecipies_app.jwt.JwtTokenAuthorizationOncePerRequestFilter@38ad5328, org.springframework.security.web.savedrequest.RequestCacheAwareFilter@6413eeaa, org.springframework.security.web.servletapi.SecurityContextHolderAwareRequestFilter@5a48f137, org.springframework.security.web.authentication.AnonymousAuthenticationFilter@6ed2a46c, org.springframework.security.web.session.SessionManagementFilter@52bc21f0, org.springframework.security.web.access.ExceptionTranslationFilter@34fcd2c, org.springframework.security.web.access.intercept.FilterSecurityInterceptor@58af53cc]
2020-06-14 00:48:52,064 INFO org.springframework.scheduling.concurrent.ThreadPoolTaskExecutor [restartedMain] Initializing ExecutorService 'applicationTaskExecutor'
2020-06-14 00:48:58,903 WARN org.springframework.boot.autoconfigure.orm.jpa.JpaBaseConfiguration$JpaWebConfiguration$JpaWebMvcConfiguration [restartedMain] spring.jpa.open-in-view is enabled by default. Therefore, database queries may be performed during view rendering. Explicitly configure spring.jpa.open-in-view to disable this warning
2020-06-14 00:49:08,791 INFO org.springframework.boot.actuate.endpoint.web.EndpointLinksResolver [restartedMain] Exposing 15 endpoint(s) beneath base path '/actuator'
2020-06-14 00:49:15,899 INFO org.springframework.boot.web.embedded.tomcat.TomcatWebServer [restartedMain] Tomcat started on port(s): 8080 (http) with context path ''
2020-06-14 00:49:16,152 INFO com.recipies.Myrecipies_app.MyrecipiesAppApplication [restartedMain] Started MyrecipiesAppApplication in 296.055 seconds (JVM running for 338.596)
2020-06-14 00:49:20,622 INFO org.springframework.web.servlet.DispatcherServlet [http-nio-8080-exec-1] Initializing Servlet 'dispatcherServlet'
2020-06-14 00:49:20,774 INFO org.springframework.web.servlet.DispatcherServlet [http-nio-8080-exec-1] Completed initialization in 148 ms
2020-06-14 00:49:22,201 DEBUG com.recipies.Myrecipies_app.jwt.JwtTokenAuthorizationOncePerRequestFilter [http-nio-8080-exec-1] Authentication Request For 'http://localhost:8080/api/RecipeList/recipes'
2020-06-14 00:49:22,203 WARN com.recipies.Myrecipies_app.jwt.JwtTokenAuthorizationOncePerRequestFilter [http-nio-8080-exec-1] JWT_TOKEN_DOES_NOT_START_WITH_BEARER_STRING
2020-06-14 00:49:22,203 DEBUG com.recipies.Myrecipies_app.jwt.JwtTokenAuthorizationOncePerRequestFilter [http-nio-8080-exec-1] JWT_TOKEN_USERNAME_VALUE 'null'
2020-06-14 02:03:53,746 INFO com.recipies.Myrecipies_app.MyrecipiesAppApplication [restartedMain] Starting MyrecipiesAppApplication on HP with PID 7832 (started by Kavana in C:\Users\Kavana\Desktop\New folder (2)\demo\demo)
2020-06-14 02:03:53,763 DEBUG com.recipies.Myrecipies_app.MyrecipiesAppApplication [restartedMain] Running with Spring Boot v2.1.4.RELEASE, Spring v5.1.6.RELEASE
2020-06-14 02:03:53,767 INFO com.recipies.Myrecipies_app.MyrecipiesAppApplication [restartedMain] No active profile set, falling back to default profiles: default
2020-06-14 02:03:54,282 INFO org.springframework.boot.devtools.env.DevToolsPropertyDefaultsPostProcessor [restartedMain] Devtools property defaults active! Set 'spring.devtools.add-properties' to 'false' to disable
2020-06-14 02:03:54,289 INFO org.springframework.boot.devtools.env.DevToolsPropertyDefaultsPostProcessor [restartedMain] For additional web related logging consider setting the 'logging.level.web' property to 'DEBUG'
2020-06-14 02:04:05,844 INFO org.springframework.data.repository.config.RepositoryConfigurationDelegate [restartedMain] Bootstrapping Spring Data repositories in DEFAULT mode.
2020-06-14 02:04:07,133 INFO org.springframework.data.repository.config.RepositoryConfigurationDelegate [restartedMain] Finished Spring Data repository scanning in 1069ms. Found 6 repository interfaces.
2020-06-14 02:04:11,337 INFO org.springframework.context.support.PostProcessorRegistrationDelegate$BeanPostProcessorChecker [restartedMain] Bean 'org.springframework.transaction.annotation.ProxyTransactionManagementConfiguration' of type [org.springframework.transaction.annotation.ProxyTransactionManagementConfiguration$$EnhancerBySpringCGLIB$$ee227711] is not eligible for getting processed by all BeanPostProcessors (for example: not eligible for auto-proxying)
2020-06-14 02:04:11,647 INFO org.springframework.context.support.PostProcessorRegistrationDelegate$BeanPostProcessorChecker [restartedMain] Bean 'org.springframework.security.config.annotation.configuration.ObjectPostProcessorConfiguration' of type [org.springframework.security.config.annotation.configuration.ObjectPostProcessorConfiguration$$EnhancerBySpringCGLIB$$86d03f4b] is not eligible for getting processed by all BeanPostProcessors (for example: not eligible for auto-proxying)
2020-06-14 02:04:11,690 INFO org.springframework.context.support.PostProcessorRegistrationDelegate$BeanPostProcessorChecker [restartedMain] Bean 'objectPostProcessor' of type [org.springframework.security.config.annotation.configuration.AutowireBeanFactoryObjectPostProcessor] is not eligible for getting processed by all BeanPostProcessors (for example: not eligible for auto-proxying)
2020-06-14 02:04:11,695 INFO org.springframework.context.support.PostProcessorRegistrationDelegate$BeanPostProcessorChecker [restartedMain] Bean 'org.springframework.security.access.expression.method.DefaultMethodSecurityExpressionHandler@102a3356' of type [org.springframework.security.access.expression.method.DefaultMethodSecurityExpressionHandler] is not eligible for getting processed by all BeanPostProcessors (for example: not eligible for auto-proxying)
2020-06-14 02:04:11,706 INFO org.springframework.context.support.PostProcessorRegistrationDelegate$BeanPostProcessorChecker [restartedMain] Bean 'org.springframework.security.config.annotation.method.configuration.GlobalMethodSecurityConfiguration' of type [org.springframework.security.config.annotation.method.configuration.GlobalMethodSecurityConfiguration$$EnhancerBySpringCGLIB$$aba4e1fd] is not eligible for getting processed by all BeanPostProcessors (for example: not eligible for auto-proxying)
2020-06-14 02:04:11,726 INFO org.springframework.context.support.PostProcessorRegistrationDelegate$BeanPostProcessorChecker [restartedMain] Bean 'methodSecurityMetadataSource' of type [org.springframework.security.access.method.DelegatingMethodSecurityMetadataSource] is not eligible for getting processed by all BeanPostProcessors (for example: not eligible for auto-proxying)
2020-06-14 02:04:11,788 INFO org.springframework.context.support.PostProcessorRegistrationDelegate$BeanPostProcessorChecker [restartedMain] Bean 'org.springframework.hateoas.config.HateoasConfiguration' of type [org.springframework.hateoas.config.HateoasConfiguration$$EnhancerBySpringCGLIB$$6da2c443] is not eligible for getting processed by all BeanPostProcessors (for example: not eligible for auto-proxying)
2020-06-14 02:04:15,042 INFO org.springframework.boot.web.embedded.tomcat.TomcatWebServer [restartedMain] Tomcat initialized with port(s): 8080 (http)
2020-06-14 02:04:15,805 INFO org.springframework.web.context.ContextLoader [restartedMain] Root WebApplicationContext: initialization completed in 21515 ms
2020-06-14 02:04:20,297 DEBUG com.recipies.Myrecipies_app.jwt.JwtTokenAuthorizationOncePerRequestFilter [restartedMain] Filter 'jwtTokenAuthorizationOncePerRequestFilter' configured for use
2020-06-14 02:05:41,859 INFO org.springframework.orm.jpa.LocalContainerEntityManagerFactoryBean [restartedMain] Initialized JPA EntityManagerFactory for persistence unit 'default'
2020-06-14 02:05:42,109 INFO org.springframework.boot.devtools.autoconfigure.OptionalLiveReloadServer [restartedMain] LiveReload server is running on port 35729
2020-06-14 02:05:50,375 INFO org.springframework.security.web.DefaultSecurityFilterChain [restartedMain] Creating filter chain: Ant [pattern='/authenticate', POST], []
2020-06-14 02:05:50,376 INFO org.springframework.security.web.DefaultSecurityFilterChain [restartedMain] Creating filter chain: Ant [pattern='/**', OPTIONS], []
2020-06-14 02:05:50,377 INFO org.springframework.security.web.DefaultSecurityFilterChain [restartedMain] Creating filter chain: Ant [pattern='/', GET], []
2020-06-14 02:05:50,377 INFO org.springframework.security.web.DefaultSecurityFilterChain [restartedMain] Creating filter chain: Ant [pattern='/api/RecipeList/recipes'], []
2020-06-14 02:05:50,377 INFO org.springframework.security.web.DefaultSecurityFilterChain [restartedMain] Creating filter chain: Ant [pattern='/h2-console/**/**'], []
2020-06-14 02:05:50,850 INFO org.springframework.security.web.DefaultSecurityFilterChain [restartedMain] Creating filter chain: any request, [org.springframework.security.web.context.request.async.WebAsyncManagerIntegrationFilter@1300c71f, org.springframework.security.web.context.SecurityContextPersistenceFilter@50333072, org.springframework.security.web.header.HeaderWriterFilter@2f9cb7f5, org.springframework.security.web.authentication.logout.LogoutFilter@4896bd35, com.recipies.Myrecipies_app.jwt.JwtTokenAuthorizationOncePerRequestFilter@1f389ed4, org.springframework.security.web.savedrequest.RequestCacheAwareFilter@2391e47, org.springframework.security.web.servletapi.SecurityContextHolderAwareRequestFilter@586fa6a, org.springframework.security.web.authentication.AnonymousAuthenticationFilter@2e03cd43, org.springframework.security.web.session.SessionManagementFilter@e98afa7, org.springframework.security.web.access.ExceptionTranslationFilter@4f3aa15c, org.springframework.security.web.access.intercept.FilterSecurityInterceptor@c42d76f]
2020-06-14 02:05:52,620 INFO org.springframework.scheduling.concurrent.ThreadPoolTaskExecutor [restartedMain] Initializing ExecutorService 'applicationTaskExecutor'
2020-06-14 02:05:54,985 WARN org.springframework.boot.autoconfigure.orm.jpa.JpaBaseConfiguration$JpaWebConfiguration$JpaWebMvcConfiguration [restartedMain] spring.jpa.open-in-view is enabled by default. Therefore, database queries may be performed during view rendering. Explicitly configure spring.jpa.open-in-view to disable this warning
2020-06-14 02:06:05,282 INFO org.springframework.boot.actuate.endpoint.web.EndpointLinksResolver [restartedMain] Exposing 15 endpoint(s) beneath base path '/actuator'
2020-06-14 02:06:07,545 INFO org.springframework.boot.web.embedded.tomcat.TomcatWebServer [restartedMain] Tomcat started on port(s): 8080 (http) with context path ''
2020-06-14 02:06:08,013 INFO com.recipies.Myrecipies_app.MyrecipiesAppApplication [restartedMain] Started MyrecipiesAppApplication in 138.717 seconds (JVM running for 149.033)
2020-06-14 02:06:51,532 INFO org.springframework.web.servlet.DispatcherServlet [http-nio-8080-exec-1] Initializing Servlet 'dispatcherServlet'
2020-06-14 02:06:51,653 INFO org.springframework.web.servlet.DispatcherServlet [http-nio-8080-exec-1] Completed initialization in 118 ms
2020-06-14 02:06:52,249 DEBUG com.recipies.Myrecipies_app.jwt.JwtTokenAuthorizationOncePerRequestFilter [http-nio-8080-exec-1] Authentication Request For 'http://localhost:8080/api/RecipeList/recipes'
2020-06-14 02:06:52,250 WARN com.recipies.Myrecipies_app.jwt.JwtTokenAuthorizationOncePerRequestFilter [http-nio-8080-exec-1] JWT_TOKEN_DOES_NOT_START_WITH_BEARER_STRING
2020-06-14 02:06:52,250 DEBUG com.recipies.Myrecipies_app.jwt.JwtTokenAuthorizationOncePerRequestFilter [http-nio-8080-exec-1] JWT_TOKEN_USERNAME_VALUE 'null'
2020-06-14 02:08:13,977 DEBUG com.recipies.Myrecipies_app.jwt.JwtTokenAuthorizationOncePerRequestFilter [http-nio-8080-exec-3] Authentication Request For 'http://localhost:8080/authenticate'
2020-06-14 02:08:13,978 WARN com.recipies.Myrecipies_app.jwt.JwtTokenAuthorizationOncePerRequestFilter [http-nio-8080-exec-3] JWT_TOKEN_DOES_NOT_START_WITH_BEARER_STRING
2020-06-14 02:08:13,978 DEBUG com.recipies.Myrecipies_app.jwt.JwtTokenAuthorizationOncePerRequestFilter [http-nio-8080-exec-3] JWT_TOKEN_USERNAME_VALUE 'null'
2020-06-14 02:08:14,401 WARN org.springframework.web.servlet.mvc.method.annotation.ExceptionHandlerExceptionResolver [http-nio-8080-exec-3] Resolved [org.springframework.web.HttpMediaTypeNotSupportedException: Content type 'multipart/form-data;boundary=--------------------------498380533724174414984145;charset=UTF-8' not supported]
2020-06-14 02:09:35,953 DEBUG com.recipies.Myrecipies_app.jwt.JwtTokenAuthorizationOncePerRequestFilter [http-nio-8080-exec-6] Authentication Request For 'http://localhost:8080/authenticate'
2020-06-14 02:09:35,980 WARN com.recipies.Myrecipies_app.jwt.JwtTokenAuthorizationOncePerRequestFilter [http-nio-8080-exec-6] JWT_TOKEN_DOES_NOT_START_WITH_BEARER_STRING
2020-06-14 02:09:35,980 DEBUG com.recipies.Myrecipies_app.jwt.JwtTokenAuthorizationOncePerRequestFilter [http-nio-8080-exec-6] JWT_TOKEN_USERNAME_VALUE 'null'
2020-06-14 02:09:38,609 WARN org.springframework.web.servlet.mvc.method.annotation.ExceptionHandlerExceptionResolver [http-nio-8080-exec-6] Resolved [java.lang.NullPointerException]
2020-06-14 02:10:01,778 DEBUG com.recipies.Myrecipies_app.jwt.JwtTokenAuthorizationOncePerRequestFilter [http-nio-8080-exec-8] Authentication Request For 'http://localhost:8080/authenticate'
2020-06-14 02:10:01,779 WARN com.recipies.Myrecipies_app.jwt.JwtTokenAuthorizationOncePerRequestFilter [http-nio-8080-exec-8] JWT_TOKEN_DOES_NOT_START_WITH_BEARER_STRING
2020-06-14 02:10:01,779 DEBUG com.recipies.Myrecipies_app.jwt.JwtTokenAuthorizationOncePerRequestFilter [http-nio-8080-exec-8] JWT_TOKEN_USERNAME_VALUE 'null'
2020-06-14 02:17:19,625 INFO com.recipies.Myrecipies_app.MyrecipiesAppApplication [restartedMain] Starting MyrecipiesAppApplication on HP with PID 5116 (started by Kavana in C:\Users\Kavana\Desktop\New folder (2)\demo\demo)
2020-06-14 02:17:19,650 DEBUG com.recipies.Myrecipies_app.MyrecipiesAppApplication [restartedMain] Running with Spring Boot v2.1.4.RELEASE, Spring v5.1.6.RELEASE
2020-06-14 02:17:19,653 INFO com.recipies.Myrecipies_app.MyrecipiesAppApplication [restartedMain] No active profile set, falling back to default profiles: default
2020-06-14 02:17:20,397 INFO org.springframework.boot.devtools.env.DevToolsPropertyDefaultsPostProcessor [restartedMain] Devtools property defaults active! Set 'spring.devtools.add-properties' to 'false' to disable
2020-06-14 02:17:20,398 INFO org.springframework.boot.devtools.env.DevToolsPropertyDefaultsPostProcessor [restartedMain] For additional web related logging consider setting the 'logging.level.web' property to 'DEBUG'
2020-06-14 02:17:35,599 INFO org.springframework.data.repository.config.RepositoryConfigurationDelegate [restartedMain] Bootstrapping Spring Data repositories in DEFAULT mode.
2020-06-14 02:17:36,526 INFO org.springframework.data.repository.config.RepositoryConfigurationDelegate [restartedMain] Finished Spring Data repository scanning in 799ms. Found 6 repository interfaces.
2020-06-14 02:17:40,315 INFO org.springframework.context.support.PostProcessorRegistrationDelegate$BeanPostProcessorChecker [restartedMain] Bean 'org.springframework.transaction.annotation.ProxyTransactionManagementConfiguration' of type [org.springframework.transaction.annotation.ProxyTransactionManagementConfiguration$$EnhancerBySpringCGLIB$$f94fda56] is not eligible for getting processed by all BeanPostProcessors (for example: not eligible for auto-proxying)
2020-06-14 02:17:40,670 INFO org.springframework.context.support.PostProcessorRegistrationDelegate$BeanPostProcessorChecker [restartedMain] Bean 'org.springframework.security.config.annotation.configuration.ObjectPostProcessorConfiguration' of type [org.springframework.security.config.annotation.configuration.ObjectPostProcessorConfiguration$$EnhancerBySpringCGLIB$$91fda290] is not eligible for getting processed by all BeanPostProcessors (for example: not eligible for auto-proxying)
2020-06-14 02:17:40,710 INFO org.springframework.context.support.PostProcessorRegistrationDelegate$BeanPostProcessorChecker [restartedMain] Bean 'objectPostProcessor' of type [org.springframework.security.config.annotation.configuration.AutowireBeanFactoryObjectPostProcessor] is not eligible for getting processed by all BeanPostProcessors (for example: not eligible for auto-proxying)
2020-06-14 02:17:40,716 INFO org.springframework.context.support.PostProcessorRegistrationDelegate$BeanPostProcessorChecker [restartedMain] Bean 'org.springframework.security.access.expression.method.DefaultMethodSecurityExpressionHandler@a773b12' of type [org.springframework.security.access.expression.method.DefaultMethodSecurityExpressionHandler] is not eligible for getting processed by all BeanPostProcessors (for example: not eligible for auto-proxying)
2020-06-14 02:17:40,731 INFO org.springframework.context.support.PostProcessorRegistrationDelegate$BeanPostProcessorChecker [restartedMain] Bean 'org.springframework.security.config.annotation.method.configuration.GlobalMethodSecurityConfiguration' of type [org.springframework.security.config.annotation.method.configuration.GlobalMethodSecurityConfiguration$$EnhancerBySpringCGLIB$$b6d24542] is not eligible for getting processed by all BeanPostProcessors (for example: not eligible for auto-proxying)
2020-06-14 02:17:40,780 INFO org.springframework.context.support.PostProcessorRegistrationDelegate$BeanPostProcessorChecker [restartedMain] Bean 'methodSecurityMetadataSource' of type [org.springframework.security.access.method.DelegatingMethodSecurityMetadataSource] is not eligible for getting processed by all BeanPostProcessors (for example: not eligible for auto-proxying)
2020-06-14 02:17:40,826 INFO org.springframework.context.support.PostProcessorRegistrationDelegate$BeanPostProcessorChecker [restartedMain] Bean 'org.springframework.hateoas.config.HateoasConfiguration' of type [org.springframework.hateoas.config.HateoasConfiguration$$EnhancerBySpringCGLIB$$78d02788] is not eligible for getting processed by all BeanPostProcessors (for example: not eligible for auto-proxying)
2020-06-14 02:17:46,271 INFO org.springframework.boot.web.embedded.tomcat.TomcatWebServer [restartedMain] Tomcat initialized with port(s): 8080 (http)
2020-06-14 02:17:47,411 INFO org.springframework.web.context.ContextLoader [restartedMain] Root WebApplicationContext: initialization completed in 27012 ms
2020-06-14 02:18:18,368 DEBUG com.recipies.Myrecipies_app.jwt.JwtTokenAuthorizationOncePerRequestFilter [restartedMain] Filter 'jwtTokenAuthorizationOncePerRequestFilter' configured for use
2020-06-14 02:19:53,106 INFO org.springframework.orm.jpa.LocalContainerEntityManagerFactoryBean [restartedMain] Initialized JPA EntityManagerFactory for persistence unit 'default'
2020-06-14 02:19:53,296 INFO org.springframework.boot.devtools.autoconfigure.OptionalLiveReloadServer [restartedMain] LiveReload server is running on port 35729
2020-06-14 02:20:04,954 INFO org.springframework.security.web.DefaultSecurityFilterChain [restartedMain] Creating filter chain: Ant [pattern='/authenticate', POST], []
2020-06-14 02:20:04,955 INFO org.springframework.security.web.DefaultSecurityFilterChain [restartedMain] Creating filter chain: Ant [pattern='/**', OPTIONS], []
2020-06-14 02:20:04,955 INFO org.springframework.security.web.DefaultSecurityFilterChain [restartedMain] Creating filter chain: Ant [pattern='/', GET], []
2020-06-14 02:20:04,956 INFO org.springframework.security.web.DefaultSecurityFilterChain [restartedMain] Creating filter chain: Ant [pattern='/api/RecipeList/recipes'], []
2020-06-14 02:20:04,956 INFO org.springframework.security.web.DefaultSecurityFilterChain [restartedMain] Creating filter chain: Ant [pattern='/h2-console/**/**'], []
2020-06-14 02:20:05,252 INFO org.springframework.security.web.DefaultSecurityFilterChain [restartedMain] Creating filter chain: any request, [org.springframework.security.web.context.request.async.WebAsyncManagerIntegrationFilter@4e03fdfa, org.springframework.security.web.context.SecurityContextPersistenceFilter@3da55274, org.springframework.security.web.header.HeaderWriterFilter@17c21b2b, org.springframework.security.web.authentication.logout.LogoutFilter@15fff555, com.recipies.Myrecipies_app.jwt.JwtTokenAuthorizationOncePerRequestFilter@576b1b7b, org.springframework.security.web.savedrequest.RequestCacheAwareFilter@351fa8e0, org.springframework.security.web.servletapi.SecurityContextHolderAwareRequestFilter@40c9a81d, org.springframework.security.web.authentication.AnonymousAuthenticationFilter@48a9c759, org.springframework.security.web.session.SessionManagementFilter@dc63eeb, org.springframework.security.web.access.ExceptionTranslationFilter@67920383, org.springframework.security.web.access.intercept.FilterSecurityInterceptor@4b7ec01f]
2020-06-14 02:20:07,504 INFO org.springframework.scheduling.concurrent.ThreadPoolTaskExecutor [restartedMain] Initializing ExecutorService 'applicationTaskExecutor'
2020-06-14 02:20:08,597 WARN org.springframework.boot.autoconfigure.orm.jpa.JpaBaseConfiguration$JpaWebConfiguration$JpaWebMvcConfiguration [restartedMain] spring.jpa.open-in-view is enabled by default. Therefore, database queries may be performed during view rendering. Explicitly configure spring.jpa.open-in-view to disable this warning
2020-06-14 02:20:16,088 INFO org.springframework.boot.actuate.endpoint.web.EndpointLinksResolver [restartedMain] Exposing 15 endpoint(s) beneath base path '/actuator'
2020-06-14 02:20:17,051 INFO org.springframework.boot.web.embedded.tomcat.TomcatWebServer [restartedMain] Tomcat started on port(s): 8080 (http) with context path ''
2020-06-14 02:20:17,057 INFO com.recipies.Myrecipies_app.MyrecipiesAppApplication [restartedMain] Started MyrecipiesAppApplication in 187.437 seconds (JVM running for 195.387)
2020-06-14 02:20:35,795 INFO org.springframework.web.servlet.DispatcherServlet [http-nio-8080-exec-2] Initializing Servlet 'dispatcherServlet'
2020-06-14 02:20:35,877 INFO org.springframework.web.servlet.DispatcherServlet [http-nio-8080-exec-2] Completed initialization in 80 ms
2020-06-14 02:20:36,164 DEBUG com.recipies.Myrecipies_app.jwt.JwtTokenAuthorizationOncePerRequestFilter [http-nio-8080-exec-2] Authentication Request For 'http://localhost:8080/authenticate'
2020-06-14 02:20:36,165 WARN com.recipies.Myrecipies_app.jwt.JwtTokenAuthorizationOncePerRequestFilter [http-nio-8080-exec-2] JWT_TOKEN_DOES_NOT_START_WITH_BEARER_STRING
2020-06-14 02:20:36,168 DEBUG com.recipies.Myrecipies_app.jwt.JwtTokenAuthorizationOncePerRequestFilter [http-nio-8080-exec-2] JWT_TOKEN_USERNAME_VALUE 'null'
2020-06-14 02:28:48,593 DEBUG com.recipies.Myrecipies_app.jwt.JwtTokenAuthorizationOncePerRequestFilter [http-nio-8080-exec-7] Authentication Request For 'http://localhost:8080/authenticate'
2020-06-14 02:28:49,220 WARN com.recipies.Myrecipies_app.jwt.JwtTokenAuthorizationOncePerRequestFilter [http-nio-8080-exec-7] JWT_TOKEN_DOES_NOT_START_WITH_BEARER_STRING
2020-06-14 02:28:49,221 DEBUG com.recipies.Myrecipies_app.jwt.JwtTokenAuthorizationOncePerRequestFilter [http-nio-8080-exec-7] JWT_TOKEN_USERNAME_VALUE 'null'
2020-06-14 02:29:14,753 DEBUG com.recipies.Myrecipies_app.jwt.JwtTokenAuthorizationOncePerRequestFilter [http-nio-8080-exec-5] Authentication Request For 'http://localhost:8080/authenticate'
2020-06-14 02:29:14,754 WARN com.recipies.Myrecipies_app.jwt.JwtTokenAuthorizationOncePerRequestFilter [http-nio-8080-exec-5] JWT_TOKEN_DOES_NOT_START_WITH_BEARER_STRING
2020-06-14 02:29:14,755 DEBUG com.recipies.Myrecipies_app.jwt.JwtTokenAuthorizationOncePerRequestFilter [http-nio-8080-exec-5] JWT_TOKEN_USERNAME_VALUE 'null'
2020-06-14 02:30:19,789 INFO org.springframework.scheduling.concurrent.ThreadPoolTaskExecutor [Thread-9] Shutting down ExecutorService 'applicationTaskExecutor'
2020-06-14 02:30:20,001 INFO org.springframework.orm.jpa.LocalContainerEntityManagerFactoryBean [Thread-9] Closing JPA EntityManagerFactory for persistence unit 'default'
2020-06-14 02:30:37,640 INFO com.recipies.Myrecipies_app.MyrecipiesAppApplication [restartedMain] Starting MyrecipiesAppApplication on HP with PID 5116 (started by Kavana in C:\Users\Kavana\Desktop\New folder (2)\demo\demo)
2020-06-14 02:30:37,644 DEBUG com.recipies.Myrecipies_app.MyrecipiesAppApplication [restartedMain] Running with Spring Boot v2.1.4.RELEASE, Spring v5.1.6.RELEASE
2020-06-14 02:30:37,646 INFO com.recipies.Myrecipies_app.MyrecipiesAppApplication [restartedMain] No active profile set, falling back to default profiles: default
2020-06-14 02:30:49,299 INFO org.springframework.data.repository.config.RepositoryConfigurationDelegate [restartedMain] Bootstrapping Spring Data repositories in DEFAULT mode.
2020-06-14 02:30:49,533 INFO org.springframework.data.repository.config.RepositoryConfigurationDelegate [restartedMain] Finished Spring Data repository scanning in 233ms. Found 6 repository interfaces.
2020-06-14 02:30:50,320 INFO org.springframework.context.support.PostProcessorRegistrationDelegate$BeanPostProcessorChecker [restartedMain] Bean 'org.springframework.transaction.annotation.ProxyTransactionManagementConfiguration' of type [org.springframework.transaction.annotation.ProxyTransactionManagementConfiguration$$EnhancerBySpringCGLIB$$f94fda56] is not eligible for getting processed by all BeanPostProcessors (for example: not eligible for auto-proxying)
2020-06-14 02:30:50,362 INFO org.springframework.context.support.PostProcessorRegistrationDelegate$BeanPostProcessorChecker [restartedMain] Bean 'org.springframework.security.config.annotation.configuration.ObjectPostProcessorConfiguration' of type [org.springframework.security.config.annotation.configuration.ObjectPostProcessorConfiguration$$EnhancerBySpringCGLIB$$91fda290] is not eligible for getting processed by all BeanPostProcessors (for example: not eligible for auto-proxying)
2020-06-14 02:30:50,367 INFO org.springframework.context.support.PostProcessorRegistrationDelegate$BeanPostProcessorChecker [restartedMain] Bean 'objectPostProcessor' of type [org.springframework.security.config.annotation.configuration.AutowireBeanFactoryObjectPostProcessor] is not eligible for getting processed by all BeanPostProcessors (for example: not eligible for auto-proxying)
2020-06-14 02:30:50,368 INFO org.springframework.context.support.PostProcessorRegistrationDelegate$BeanPostProcessorChecker [restartedMain] Bean 'org.springframework.security.access.expression.method.DefaultMethodSecurityExpressionHandler@1d29092' of type [org.springframework.security.access.expression.method.DefaultMethodSecurityExpressionHandler] is not eligible for getting processed by all BeanPostProcessors (for example: not eligible for auto-proxying)
2020-06-14 02:30:50,374 INFO org.springframework.context.support.PostProcessorRegistrationDelegate$BeanPostProcessorChecker [restartedMain] Bean 'org.springframework.security.config.annotation.method.configuration.GlobalMethodSecurityConfiguration' of type [org.springframework.security.config.annotation.method.configuration.GlobalMethodSecurityConfiguration$$EnhancerBySpringCGLIB$$b6d24542] is not eligible for getting processed by all BeanPostProcessors (for example: not eligible for auto-proxying)
2020-06-14 02:30:50,376 INFO org.springframework.context.support.PostProcessorRegistrationDelegate$BeanPostProcessorChecker [restartedMain] Bean 'methodSecurityMetadataSource' of type [org.springframework.security.access.method.DelegatingMethodSecurityMetadataSource] is not eligible for getting processed by all BeanPostProcessors (for example: not eligible for auto-proxying)
2020-06-14 02:30:50,392 INFO org.springframework.context.support.PostProcessorRegistrationDelegate$BeanPostProcessorChecker [restartedMain] Bean 'org.springframework.hateoas.config.HateoasConfiguration' of type [org.springframework.hateoas.config.HateoasConfiguration$$EnhancerBySpringCGLIB$$78d02788] is not eligible for getting processed by all BeanPostProcessors (for example: not eligible for auto-proxying)
2020-06-14 02:30:53,129 INFO org.springframework.boot.web.embedded.tomcat.TomcatWebServer [restartedMain] Tomcat initialized with port(s): 8080 (http)
2020-06-14 02:30:53,522 INFO org.springframework.web.context.ContextLoader [restartedMain] Root WebApplicationContext: initialization completed in 15794 ms
2020-06-14 02:31:07,474 DEBUG com.recipies.Myrecipies_app.jwt.JwtTokenAuthorizationOncePerRequestFilter [restartedMain] Filter 'jwtTokenAuthorizationOncePerRequestFilter' configured for use
2020-06-14 02:32:38,211 INFO org.springframework.orm.jpa.LocalContainerEntityManagerFactoryBean [restartedMain] Initialized JPA EntityManagerFactory for persistence unit 'default'
2020-06-14 02:32:38,629 INFO org.springframework.boot.devtools.autoconfigure.OptionalLiveReloadServer [restartedMain] LiveReload server is running on port 35729
2020-06-14 02:32:47,814 INFO org.springframework.security.web.DefaultSecurityFilterChain [restartedMain] Creating filter chain: Ant [pattern='/authenticate', POST], []
2020-06-14 02:32:47,815 INFO org.springframework.security.web.DefaultSecurityFilterChain [restartedMain] Creating filter chain: Ant [pattern='/**', OPTIONS], []
2020-06-14 02:32:47,816 INFO org.springframework.security.web.DefaultSecurityFilterChain [restartedMain] Creating filter chain: Ant [pattern='/', GET], []
2020-06-14 02:32:47,816 INFO org.springframework.security.web.DefaultSecurityFilterChain [restartedMain] Creating filter chain: Ant [pattern='/api/RecipeList/recipes'], []
2020-06-14 02:32:47,818 INFO org.springframework.security.web.DefaultSecurityFilterChain [restartedMain] Creating filter chain: Ant [pattern='/h2-console/**/**'], []
2020-06-14 02:32:49,248 INFO org.springframework.security.web.DefaultSecurityFilterChain [restartedMain] Creating filter chain: any request, [org.springframework.security.web.context.request.async.WebAsyncManagerIntegrationFilter@4bab1947, org.springframework.security.web.context.SecurityContextPersistenceFilter@59732efd, org.springframework.security.web.header.HeaderWriterFilter@4c416f88, org.springframework.security.web.authentication.logout.LogoutFilter@7a9a62e1, com.recipies.Myrecipies_app.jwt.JwtTokenAuthorizationOncePerRequestFilter@1e7c0d8c, org.springframework.security.web.savedrequest.RequestCacheAwareFilter@44108211, org.springframework.security.web.servletapi.SecurityContextHolderAwareRequestFilter@3ea9834, org.springframework.security.web.authentication.AnonymousAuthenticationFilter@44acf211, org.springframework.security.web.session.SessionManagementFilter@40573bcb, org.springframework.security.web.access.ExceptionTranslationFilter@d72118b, org.springframework.security.web.access.intercept.FilterSecurityInterceptor@4c64cb1]
2020-06-14 02:32:49,854 INFO org.springframework.scheduling.concurrent.ThreadPoolTaskExecutor [restartedMain] Initializing ExecutorService 'applicationTaskExecutor'
2020-06-14 02:32:50,047 WARN org.springframework.boot.autoconfigure.orm.jpa.JpaBaseConfiguration$JpaWebConfiguration$JpaWebMvcConfiguration [restartedMain] spring.jpa.open-in-view is enabled by default. Therefore, database queries may be performed during view rendering. Explicitly configure spring.jpa.open-in-view to disable this warning
2020-06-14 02:32:51,076 INFO org.springframework.boot.actuate.endpoint.web.EndpointLinksResolver [restartedMain] Exposing 15 endpoint(s) beneath base path '/actuator'
2020-06-14 02:32:51,820 INFO org.springframework.boot.web.embedded.tomcat.TomcatWebServer [restartedMain] Tomcat started on port(s): 8080 (http) with context path ''
2020-06-14 02:32:51,863 INFO com.recipies.Myrecipies_app.MyrecipiesAppApplication [restartedMain] Started MyrecipiesAppApplication in 135.224 seconds (JVM running for 950.193)
2020-06-14 02:32:51,906 INFO org.springframework.boot.devtools.autoconfigure.ConditionEvaluationDeltaLoggingListener [restartedMain] Condition evaluation unchanged
2020-06-14 02:33:10,230 INFO org.springframework.web.servlet.DispatcherServlet [http-nio-8080-exec-2] Initializing Servlet 'dispatcherServlet'
2020-06-14 02:33:12,041 INFO org.springframework.web.servlet.DispatcherServlet [http-nio-8080-exec-2] Completed initialization in 1348 ms
2020-06-14 02:33:15,999 DEBUG com.recipies.Myrecipies_app.jwt.JwtTokenAuthorizationOncePerRequestFilter [http-nio-8080-exec-2] Authentication Request For 'http://localhost:8080/authenticate'
2020-06-14 02:33:16,000 WARN com.recipies.Myrecipies_app.jwt.JwtTokenAuthorizationOncePerRequestFilter [http-nio-8080-exec-2] JWT_TOKEN_DOES_NOT_START_WITH_BEARER_STRING
2020-06-14 02:33:16,001 DEBUG com.recipies.Myrecipies_app.jwt.JwtTokenAuthorizationOncePerRequestFilter [http-nio-8080-exec-2] JWT_TOKEN_USERNAME_VALUE 'null'
2020-06-14 02:33:45,795 DEBUG com.recipies.Myrecipies_app.jwt.JwtTokenAuthorizationOncePerRequestFilter [http-nio-8080-exec-3] Authentication Request For 'http://localhost:8080/authenticate'
2020-06-14 02:33:45,796 WARN com.recipies.Myrecipies_app.jwt.JwtTokenAuthorizationOncePerRequestFilter [http-nio-8080-exec-3] JWT_TOKEN_DOES_NOT_START_WITH_BEARER_STRING
2020-06-14 02:33:45,796 DEBUG com.recipies.Myrecipies_app.jwt.JwtTokenAuthorizationOncePerRequestFilter [http-nio-8080-exec-3] JWT_TOKEN_USERNAME_VALUE 'null'
2020-06-14 02:40:23,298 INFO org.springframework.scheduling.concurrent.ThreadPoolTaskExecutor [Thread-15] Shutting down ExecutorService 'applicationTaskExecutor'
2020-06-14 02:40:23,943 INFO org.springframework.orm.jpa.LocalContainerEntityManagerFactoryBean [Thread-15] Closing JPA EntityManagerFactory for persistence unit 'default'
2020-06-14 02:48:27,376 INFO com.recipies.Myrecipies_app.MyrecipiesAppApplication [restartedMain] Starting MyrecipiesAppApplication on HP with PID 5432 (started by Kavana in C:\Users\Kavana\Desktop\New folder (2)\demo\demo)
2020-06-14 02:48:27,382 DEBUG com.recipies.Myrecipies_app.MyrecipiesAppApplication [restartedMain] Running with Spring Boot v2.1.4.RELEASE, Spring v5.1.6.RELEASE
2020-06-14 02:48:27,384 INFO com.recipies.Myrecipies_app.MyrecipiesAppApplication [restartedMain] No active profile set, falling back to default profiles: default
2020-06-14 02:48:27,827 INFO org.springframework.boot.devtools.env.DevToolsPropertyDefaultsPostProcessor [restartedMain] Devtools property defaults active! Set 'spring.devtools.add-properties' to 'false' to disable
2020-06-14 02:48:27,828 INFO org.springframework.boot.devtools.env.DevToolsPropertyDefaultsPostProcessor [restartedMain] For additional web related logging consider setting the 'logging.level.web' property to 'DEBUG'
2020-06-14 02:48:35,257 INFO org.springframework.data.repository.config.RepositoryConfigurationDelegate [restartedMain] Bootstrapping Spring Data repositories in DEFAULT mode.
2020-06-14 02:48:35,863 INFO org.springframework.data.repository.config.RepositoryConfigurationDelegate [restartedMain] Finished Spring Data repository scanning in 554ms. Found 6 repository interfaces.
2020-06-14 02:48:38,578 INFO org.springframework.context.support.PostProcessorRegistrationDelegate$BeanPostProcessorChecker [restartedMain] Bean 'org.springframework.transaction.annotation.ProxyTransactionManagementConfiguration' of type [org.springframework.transaction.annotation.ProxyTransactionManagementConfiguration$$EnhancerBySpringCGLIB$$36fd81fe] is not eligible for getting processed by all BeanPostProcessors (for example: not eligible for auto-proxying)
2020-06-14 02:48:38,742 INFO org.springframework.context.support.PostProcessorRegistrationDelegate$BeanPostProcessorChecker [restartedMain] Bean 'org.springframework.security.config.annotation.configuration.ObjectPostProcessorConfiguration' of type [org.springframework.security.config.annotation.configuration.ObjectPostProcessorConfiguration$$EnhancerBySpringCGLIB$$cfab4a38] is not eligible for getting processed by all BeanPostProcessors (for example: not eligible for auto-proxying)
2020-06-14 02:48:38,787 INFO org.springframework.context.support.PostProcessorRegistrationDelegate$BeanPostProcessorChecker [restartedMain] Bean 'objectPostProcessor' of type [org.springframework.security.config.annotation.configuration.AutowireBeanFactoryObjectPostProcessor] is not eligible for getting processed by all BeanPostProcessors (for example: not eligible for auto-proxying)
2020-06-14 02:48:38,793 INFO org.springframework.context.support.PostProcessorRegistrationDelegate$BeanPostProcessorChecker [restartedMain] Bean 'org.springframework.security.access.expression.method.DefaultMethodSecurityExpressionHandler@44f8aece' of type [org.springframework.security.access.expression.method.DefaultMethodSecurityExpressionHandler] is not eligible for getting processed by all BeanPostProcessors (for example: not eligible for auto-proxying)
2020-06-14 02:48:38,796 INFO org.springframework.context.support.PostProcessorRegistrationDelegate$BeanPostProcessorChecker [restartedMain] Bean 'org.springframework.security.config.annotation.method.configuration.GlobalMethodSecurityConfiguration' of type [org.springframework.security.config.annotation.method.configuration.GlobalMethodSecurityConfiguration$$EnhancerBySpringCGLIB$$f47fecea] is not eligible for getting processed by all BeanPostProcessors (for example: not eligible for auto-proxying)
2020-06-14 02:48:38,806 INFO org.springframework.context.support.PostProcessorRegistrationDelegate$BeanPostProcessorChecker [restartedMain] Bean 'methodSecurityMetadataSource' of type [org.springframework.security.access.method.DelegatingMethodSecurityMetadataSource] is not eligible for getting processed by all BeanPostProcessors (for example: not eligible for auto-proxying)
2020-06-14 02:48:38,847 INFO org.springframework.context.support.PostProcessorRegistrationDelegate$BeanPostProcessorChecker [restartedMain] Bean 'org.springframework.hateoas.config.HateoasConfiguration' of type [org.springframework.hateoas.config.HateoasConfiguration$$EnhancerBySpringCGLIB$$b67dcf30] is not eligible for getting processed by all BeanPostProcessors (for example: not eligible for auto-proxying)
2020-06-14 02:48:43,802 INFO org.springframework.boot.web.embedded.tomcat.TomcatWebServer [restartedMain] Tomcat initialized with port(s): 8080 (http)
2020-06-14 02:48:45,002 INFO org.springframework.web.context.ContextLoader [restartedMain] Root WebApplicationContext: initialization completed in 17174 ms
2020-06-14 02:50:23,732 INFO org.springframework.orm.jpa.LocalContainerEntityManagerFactoryBean [restartedMain] Initialized JPA EntityManagerFactory for persistence unit 'default'
2020-06-14 02:50:30,781 DEBUG com.recipies.Myrecipies_app.jwt.JwtTokenAuthorizationOncePerRequestFilter [restartedMain] Filter 'jwtTokenAuthorizationOncePerRequestFilter' configured for use
2020-06-14 02:50:31,052 INFO org.springframework.boot.devtools.autoconfigure.OptionalLiveReloadServer [restartedMain] LiveReload server is running on port 35729
2020-06-14 02:50:37,466 INFO org.springframework.security.web.DefaultSecurityFilterChain [restartedMain] Creating filter chain: Ant [pattern='/authenticate', POST], []
2020-06-14 02:50:37,467 INFO org.springframework.security.web.DefaultSecurityFilterChain [restartedMain] Creating filter chain: Ant [pattern='/**', OPTIONS], []
2020-06-14 02:50:37,469 INFO org.springframework.security.web.DefaultSecurityFilterChain [restartedMain] Creating filter chain: Ant [pattern='/', GET], []
2020-06-14 02:50:37,469 INFO org.springframework.security.web.DefaultSecurityFilterChain [restartedMain] Creating filter chain: Ant [pattern='/api/RecipeList/recipes'], []
2020-06-14 02:50:37,470 INFO org.springframework.security.web.DefaultSecurityFilterChain [restartedMain] Creating filter chain: Ant [pattern='/h2-console/**/**'], []
2020-06-14 02:50:38,106 INFO org.springframework.security.web.DefaultSecurityFilterChain [restartedMain] Creating filter chain: any request, [org.springframework.security.web.context.request.async.WebAsyncManagerIntegrationFilter@7ba2e207, org.springframework.security.web.context.SecurityContextPersistenceFilter@46df6719, org.springframework.security.web.header.HeaderWriterFilter@493ee402, org.springframework.security.web.authentication.logout.LogoutFilter@53000a6, com.recipies.Myrecipies_app.jwt.JwtTokenAuthorizationOncePerRequestFilter@270f272e, org.springframework.security.web.savedrequest.RequestCacheAwareFilter@44e48f46, org.springframework.security.web.servletapi.SecurityContextHolderAwareRequestFilter@670ef7a7, org.springframework.security.web.authentication.AnonymousAuthenticationFilter@6310c0b7, org.springframework.security.web.session.SessionManagementFilter@7f0e02ef, org.springframework.security.web.access.ExceptionTranslationFilter@253cb9e5, org.springframework.security.web.access.intercept.FilterSecurityInterceptor@dd971ed]
2020-06-14 02:50:39,332 INFO org.springframework.scheduling.concurrent.ThreadPoolTaskExecutor [restartedMain] Initializing ExecutorService 'applicationTaskExecutor'
2020-06-14 02:50:39,673 WARN org.springframework.boot.autoconfigure.orm.jpa.JpaBaseConfiguration$JpaWebConfiguration$JpaWebMvcConfiguration [restartedMain] spring.jpa.open-in-view is enabled by default. Therefore, database queries may be performed during view rendering. Explicitly configure spring.jpa.open-in-view to disable this warning
2020-06-14 02:50:42,182 INFO org.springframework.boot.actuate.endpoint.web.EndpointLinksResolver [restartedMain] Exposing 15 endpoint(s) beneath base path '/actuator'
2020-06-14 02:50:56,801 INFO org.springframework.boot.web.embedded.tomcat.TomcatWebServer [restartedMain] Tomcat started on port(s): 8080 (http) with context path ''
2020-06-14 02:50:59,040 INFO com.recipies.Myrecipies_app.MyrecipiesAppApplication [restartedMain] Started MyrecipiesAppApplication in 154.896 seconds (JVM running for 161.867)
2020-06-14 02:51:09,381 INFO org.springframework.web.servlet.DispatcherServlet [http-nio-8080-exec-2] Initializing Servlet 'dispatcherServlet'
2020-06-14 02:51:09,744 INFO org.springframework.web.servlet.DispatcherServlet [http-nio-8080-exec-2] Completed initialization in 333 ms
2020-06-14 02:51:10,663 DEBUG com.recipies.Myrecipies_app.jwt.JwtTokenAuthorizationOncePerRequestFilter [http-nio-8080-exec-2] Authentication Request For 'http://localhost:8080/authenticate'
2020-06-14 02:51:10,675 WARN com.recipies.Myrecipies_app.jwt.JwtTokenAuthorizationOncePerRequestFilter [http-nio-8080-exec-2] JWT_TOKEN_DOES_NOT_START_WITH_BEARER_STRING
2020-06-14 02:51:10,676 DEBUG com.recipies.Myrecipies_app.jwt.JwtTokenAuthorizationOncePerRequestFilter [http-nio-8080-exec-2] JWT_TOKEN_USERNAME_VALUE 'null'
2020-06-14 02:53:05,163 INFO org.springframework.scheduling.concurrent.ThreadPoolTaskExecutor [Thread-9] Shutting down ExecutorService 'applicationTaskExecutor'
2020-06-14 02:53:05,253 INFO org.springframework.orm.jpa.LocalContainerEntityManagerFactoryBean [Thread-9] Closing JPA EntityManagerFactory for persistence unit 'default'
2020-06-14 02:53:19,495 INFO com.recipies.Myrecipies_app.MyrecipiesAppApplication [restartedMain] Starting MyrecipiesAppApplication on HP with PID 5432 (started by Kavana in C:\Users\Kavana\Desktop\New folder (2)\demo\demo)
2020-06-14 02:53:19,496 DEBUG com.recipies.Myrecipies_app.MyrecipiesAppApplication [restartedMain] Running with Spring Boot v2.1.4.RELEASE, Spring v5.1.6.RELEASE
2020-06-14 02:53:19,497 INFO com.recipies.Myrecipies_app.MyrecipiesAppApplication [restartedMain] No active profile set, falling back to default profiles: default
2020-06-14 02:53:23,960 INFO org.springframework.data.repository.config.RepositoryConfigurationDelegate [restartedMain] Bootstrapping Spring Data repositories in DEFAULT mode.
2020-06-14 02:53:24,125 INFO org.springframework.data.repository.config.RepositoryConfigurationDelegate [restartedMain] Finished Spring Data repository scanning in 164ms. Found 6 repository interfaces.
2020-06-14 02:53:24,365 INFO org.springframework.context.support.PostProcessorRegistrationDelegate$BeanPostProcessorChecker [restartedMain] Bean 'org.springframework.transaction.annotation.ProxyTransactionManagementConfiguration' of type [org.springframework.transaction.annotation.ProxyTransactionManagementConfiguration$$EnhancerBySpringCGLIB$$36fd81fe] is not eligible for getting processed by all BeanPostProcessors (for example: not eligible for auto-proxying)
2020-06-14 02:53:24,380 INFO org.springframework.context.support.PostProcessorRegistrationDelegate$BeanPostProcessorChecker [restartedMain] Bean 'org.springframework.security.config.annotation.configuration.ObjectPostProcessorConfiguration' of type [org.springframework.security.config.annotation.configuration.ObjectPostProcessorConfiguration$$EnhancerBySpringCGLIB$$cfab4a38] is not eligible for getting processed by all BeanPostProcessors (for example: not eligible for auto-proxying)
2020-06-14 02:53:24,384 INFO org.springframework.context.support.PostProcessorRegistrationDelegate$BeanPostProcessorChecker [restartedMain] Bean 'objectPostProcessor' of type [org.springframework.security.config.annotation.configuration.AutowireBeanFactoryObjectPostProcessor] is not eligible for getting processed by all BeanPostProcessors (for example: not eligible for auto-proxying)
2020-06-14 02:53:24,386 INFO org.springframework.context.support.PostProcessorRegistrationDelegate$BeanPostProcessorChecker [restartedMain] Bean 'org.springframework.security.access.expression.method.DefaultMethodSecurityExpressionHandler@2173dae3' of type [org.springframework.security.access.expression.method.DefaultMethodSecurityExpressionHandler] is not eligible for getting processed by all BeanPostProcessors (for example: not eligible for auto-proxying)
2020-06-14 02:53:24,388 INFO org.springframework.context.support.PostProcessorRegistrationDelegate$BeanPostProcessorChecker [restartedMain] Bean 'org.springframework.security.config.annotation.method.configuration.GlobalMethodSecurityConfiguration' of type [org.springframework.security.config.annotation.method.configuration.GlobalMethodSecurityConfiguration$$EnhancerBySpringCGLIB$$f47fecea] is not eligible for getting processed by all BeanPostProcessors (for example: not eligible for auto-proxying)
2020-06-14 02:53:24,388 INFO org.springframework.context.support.PostProcessorRegistrationDelegate$BeanPostProcessorChecker [restartedMain] Bean 'methodSecurityMetadataSource' of type [org.springframework.security.access.method.DelegatingMethodSecurityMetadataSource] is not eligible for getting processed by all BeanPostProcessors (for example: not eligible for auto-proxying)
2020-06-14 02:53:24,392 INFO org.springframework.context.support.PostProcessorRegistrationDelegate$BeanPostProcessorChecker [restartedMain] Bean 'org.springframework.hateoas.config.HateoasConfiguration' of type [org.springframework.hateoas.config.HateoasConfiguration$$EnhancerBySpringCGLIB$$b67dcf30] is not eligible for getting processed by all BeanPostProcessors (for example: not eligible for auto-proxying)
2020-06-14 02:53:26,705 INFO org.springframework.boot.web.embedded.tomcat.TomcatWebServer [restartedMain] Tomcat initialized with port(s): 8080 (http)
2020-06-14 02:53:27,198 INFO org.springframework.web.context.ContextLoader [restartedMain] Root WebApplicationContext: initialization completed in 7680 ms
2020-06-14 02:54:39,471 INFO org.springframework.orm.jpa.LocalContainerEntityManagerFactoryBean [restartedMain] Initialized JPA EntityManagerFactory for persistence unit 'default'
2020-06-14 02:54:39,854 DEBUG com.recipies.Myrecipies_app.jwt.JwtTokenAuthorizationOncePerRequestFilter [restartedMain] Filter 'jwtTokenAuthorizationOncePerRequestFilter' configured for use
2020-06-14 02:54:39,888 INFO org.springframework.boot.devtools.autoconfigure.OptionalLiveReloadServer [restartedMain] LiveReload server is running on port 35729
2020-06-14 02:54:43,886 INFO org.springframework.security.web.DefaultSecurityFilterChain [restartedMain] Creating filter chain: Ant [pattern='/authenticate', POST], []
2020-06-14 02:54:43,887 INFO org.springframework.security.web.DefaultSecurityFilterChain [restartedMain] Creating filter chain: Ant [pattern='/**', OPTIONS], []
2020-06-14 02:54:43,888 INFO org.springframework.security.web.DefaultSecurityFilterChain [restartedMain] Creating filter chain: Ant [pattern='/', GET], []
2020-06-14 02:54:43,889 INFO org.springframework.security.web.DefaultSecurityFilterChain [restartedMain] Creating filter chain: Ant [pattern='/api/RecipeList/recipes'], []
2020-06-14 02:54:43,889 INFO org.springframework.security.web.DefaultSecurityFilterChain [restartedMain] Creating filter chain: Ant [pattern='/h2-console/**/**'], []
2020-06-14 02:54:44,011 INFO org.springframework.security.web.DefaultSecurityFilterChain [restartedMain] Creating filter chain: any request, [org.springframework.security.web.context.request.async.WebAsyncManagerIntegrationFilter@159d8fd2, org.springframework.security.web.context.SecurityContextPersistenceFilter@dd5cdc1, org.springframework.security.web.header.HeaderWriterFilter@19d4f6cc, org.springframework.security.web.authentication.logout.LogoutFilter@f0a4b1c, com.recipies.Myrecipies_app.jwt.JwtTokenAuthorizationOncePerRequestFilter@1d9036c4, org.springframework.security.web.savedrequest.RequestCacheAwareFilter@2fe5a331, org.springframework.security.web.servletapi.SecurityContextHolderAwareRequestFilter@11b94297, org.springframework.security.web.authentication.AnonymousAuthenticationFilter@5c8bbcfe, org.springframework.security.web.session.SessionManagementFilter@719de60a, org.springframework.security.web.access.ExceptionTranslationFilter@58bf45b7, org.springframework.security.web.access.intercept.FilterSecurityInterceptor@281553c5]
2020-06-14 02:54:44,371 INFO org.springframework.scheduling.concurrent.ThreadPoolTaskExecutor [restartedMain] Initializing ExecutorService 'applicationTaskExecutor'
2020-06-14 02:54:44,389 WARN org.springframework.boot.autoconfigure.orm.jpa.JpaBaseConfiguration$JpaWebConfiguration$JpaWebMvcConfiguration [restartedMain] spring.jpa.open-in-view is enabled by default. Therefore, database queries may be performed during view rendering. Explicitly configure spring.jpa.open-in-view to disable this warning
2020-06-14 02:54:45,704 INFO org.springframework.boot.actuate.endpoint.web.EndpointLinksResolver [restartedMain] Exposing 15 endpoint(s) beneath base path '/actuator'
2020-06-14 02:54:46,013 INFO org.springframework.boot.web.embedded.tomcat.TomcatWebServer [restartedMain] Tomcat started on port(s): 8080 (http) with context path ''
2020-06-14 02:54:46,017 INFO com.recipies.Myrecipies_app.MyrecipiesAppApplication [restartedMain] Started MyrecipiesAppApplication in 86.885 seconds (JVM running for 388.845)
2020-06-14 02:54:46,082 INFO org.springframework.boot.devtools.autoconfigure.ConditionEvaluationDeltaLoggingListener [restartedMain] Condition evaluation unchanged
2020-06-14 02:55:14,576 INFO org.springframework.web.servlet.DispatcherServlet [http-nio-8080-exec-2] Initializing Servlet 'dispatcherServlet'
2020-06-14 02:55:16,130 INFO org.springframework.web.servlet.DispatcherServlet [http-nio-8080-exec-2] Completed initialization in 1176 ms
2020-06-14 02:55:16,627 DEBUG com.recipies.Myrecipies_app.jwt.JwtTokenAuthorizationOncePerRequestFilter [http-nio-8080-exec-2] Authentication Request For 'http://localhost:8080/authenticate'
2020-06-14 02:55:16,671 WARN com.recipies.Myrecipies_app.jwt.JwtTokenAuthorizationOncePerRequestFilter [http-nio-8080-exec-2] JWT_TOKEN_DOES_NOT_START_WITH_BEARER_STRING
2020-06-14 02:55:16,671 DEBUG com.recipies.Myrecipies_app.jwt.JwtTokenAuthorizationOncePerRequestFilter [http-nio-8080-exec-2] JWT_TOKEN_USERNAME_VALUE 'null'
2020-06-14 02:56:37,499 INFO org.springframework.scheduling.concurrent.ThreadPoolTaskExecutor [Thread-16] Shutting down ExecutorService 'applicationTaskExecutor'
2020-06-14 02:56:37,507 INFO org.springframework.orm.jpa.LocalContainerEntityManagerFactoryBean [Thread-16] Closing JPA EntityManagerFactory for persistence unit 'default'
2020-06-14 02:56:49,401 INFO com.recipies.Myrecipies_app.MyrecipiesAppApplication [restartedMain] Starting MyrecipiesAppApplication on HP with PID 5432 (started by Kavana in C:\Users\Kavana\Desktop\New folder (2)\demo\demo)
2020-06-14 02:56:49,402 DEBUG com.recipies.Myrecipies_app.MyrecipiesAppApplication [restartedMain] Running with Spring Boot v2.1.4.RELEASE, Spring v5.1.6.RELEASE
2020-06-14 02:56:49,402 INFO com.recipies.Myrecipies_app.MyrecipiesAppApplication [restartedMain] No active profile set, falling back to default profiles: default
2020-06-14 02:56:52,537 INFO org.springframework.data.repository.config.RepositoryConfigurationDelegate [restartedMain] Bootstrapping Spring Data repositories in DEFAULT mode.
2020-06-14 02:56:52,659 INFO org.springframework.data.repository.config.RepositoryConfigurationDelegate [restartedMain] Finished Spring Data repository scanning in 119ms. Found 6 repository interfaces.
2020-06-14 02:56:52,934 INFO org.springframework.context.support.PostProcessorRegistrationDelegate$BeanPostProcessorChecker [restartedMain] Bean 'org.springframework.transaction.annotation.ProxyTransactionManagementConfiguration' of type [org.springframework.transaction.annotation.ProxyTransactionManagementConfiguration$$EnhancerBySpringCGLIB$$36fd81fe] is not eligible for getting processed by all BeanPostProcessors (for example: not eligible for auto-proxying)
2020-06-14 02:56:52,950 INFO org.springframework.context.support.PostProcessorRegistrationDelegate$BeanPostProcessorChecker [restartedMain] Bean 'org.springframework.security.config.annotation.configuration.ObjectPostProcessorConfiguration' of type [org.springframework.security.config.annotation.configuration.ObjectPostProcessorConfiguration$$EnhancerBySpringCGLIB$$cfab4a38] is not eligible for getting processed by all BeanPostProcessors (for example: not eligible for auto-proxying)
2020-06-14 02:56:52,954 INFO org.springframework.context.support.PostProcessorRegistrationDelegate$BeanPostProcessorChecker [restartedMain] Bean 'objectPostProcessor' of type [org.springframework.security.config.annotation.configuration.AutowireBeanFactoryObjectPostProcessor] is not eligible for getting processed by all BeanPostProcessors (for example: not eligible for auto-proxying)
2020-06-14 02:56:52,956 INFO org.springframework.context.support.PostProcessorRegistrationDelegate$BeanPostProcessorChecker [restartedMain] Bean 'org.springframework.security.access.expression.method.DefaultMethodSecurityExpressionHandler@39ee0385' of type [org.springframework.security.access.expression.method.DefaultMethodSecurityExpressionHandler] is not eligible for getting processed by all BeanPostProcessors (for example: not eligible for auto-proxying)
2020-06-14 02:56:52,961 INFO org.springframework.context.support.PostProcessorRegistrationDelegate$BeanPostProcessorChecker [restartedMain] Bean 'org.springframework.security.config.annotation.method.configuration.GlobalMethodSecurityConfiguration' of type [org.springframework.security.config.annotation.method.configuration.GlobalMethodSecurityConfiguration$$EnhancerBySpringCGLIB$$f47fecea] is not eligible for getting processed by all BeanPostProcessors (for example: not eligible for auto-proxying)
2020-06-14 02:56:52,962 INFO org.springframework.context.support.PostProcessorRegistrationDelegate$BeanPostProcessorChecker [restartedMain] Bean 'methodSecurityMetadataSource' of type [org.springframework.security.access.method.DelegatingMethodSecurityMetadataSource] is not eligible for getting processed by all BeanPostProcessors (for example: not eligible for auto-proxying)
2020-06-14 02:56:52,965 INFO org.springframework.context.support.PostProcessorRegistrationDelegate$BeanPostProcessorChecker [restartedMain] Bean 'org.springframework.hateoas.config.HateoasConfiguration' of type [org.springframework.hateoas.config.HateoasConfiguration$$EnhancerBySpringCGLIB$$b67dcf30] is not eligible for getting processed by all BeanPostProcessors (for example: not eligible for auto-proxying)
2020-06-14 02:56:54,676 INFO org.springframework.boot.web.embedded.tomcat.TomcatWebServer [restartedMain] Tomcat initialized with port(s): 8080 (http)
2020-06-14 02:56:54,718 INFO org.springframework.web.context.ContextLoader [restartedMain] Root WebApplicationContext: initialization completed in 5302 ms
2020-06-14 02:58:00,069 INFO org.springframework.orm.jpa.LocalContainerEntityManagerFactoryBean [restartedMain] Initialized JPA EntityManagerFactory for persistence unit 'default'
2020-06-14 02:58:01,455 DEBUG com.recipies.Myrecipies_app.jwt.JwtTokenAuthorizationOncePerRequestFilter [restartedMain] Filter 'jwtTokenAuthorizationOncePerRequestFilter' configured for use
2020-06-14 02:58:01,515 INFO org.springframework.boot.devtools.autoconfigure.OptionalLiveReloadServer [restartedMain] LiveReload server is running on port 35729
2020-06-14 02:58:08,744 INFO org.springframework.security.web.DefaultSecurityFilterChain [restartedMain] Creating filter chain: Ant [pattern='/authenticate', POST], []
2020-06-14 02:58:08,746 INFO org.springframework.security.web.DefaultSecurityFilterChain [restartedMain] Creating filter chain: Ant [pattern='/**', OPTIONS], []
2020-06-14 02:58:08,746 INFO org.springframework.security.web.DefaultSecurityFilterChain [restartedMain] Creating filter chain: Ant [pattern='/', GET], []
2020-06-14 02:58:08,747 INFO org.springframework.security.web.DefaultSecurityFilterChain [restartedMain] Creating filter chain: Ant [pattern='/api/RecipeList/recipes'], []
2020-06-14 02:58:08,747 INFO org.springframework.security.web.DefaultSecurityFilterChain [restartedMain] Creating filter chain: Ant [pattern='/h2-console/**/**'], []
2020-06-14 02:58:08,854 INFO org.springframework.security.web.DefaultSecurityFilterChain [restartedMain] Creating filter chain: any request, [org.springframework.security.web.context.request.async.WebAsyncManagerIntegrationFilter@55fa0ba3, org.springframework.security.web.context.SecurityContextPersistenceFilter@6d8a17a0, org.springframework.security.web.header.HeaderWriterFilter@685e0261, org.springframework.security.web.authentication.logout.LogoutFilter@36b1b645, com.recipies.Myrecipies_app.jwt.JwtTokenAuthorizationOncePerRequestFilter@ae2266f, org.springframework.security.web.savedrequest.RequestCacheAwareFilter@4832e9c2, org.springframework.security.web.servletapi.SecurityContextHolderAwareRequestFilter@5067a7af, org.springframework.security.web.authentication.AnonymousAuthenticationFilter@41d56ea0, org.springframework.security.web.session.SessionManagementFilter@30aac34d, org.springframework.security.web.access.ExceptionTranslationFilter@41ac962d, org.springframework.security.web.access.intercept.FilterSecurityInterceptor@2171175]
2020-06-14 02:58:09,231 INFO org.springframework.scheduling.concurrent.ThreadPoolTaskExecutor [restartedMain] Initializing ExecutorService 'applicationTaskExecutor'
2020-06-14 02:58:09,254 WARN org.springframework.boot.autoconfigure.orm.jpa.JpaBaseConfiguration$JpaWebConfiguration$JpaWebMvcConfiguration [restartedMain] spring.jpa.open-in-view is enabled by default. Therefore, database queries may be performed during view rendering. Explicitly configure spring.jpa.open-in-view to disable this warning
2020-06-14 02:58:09,815 INFO org.springframework.boot.actuate.endpoint.web.EndpointLinksResolver [restartedMain] Exposing 15 endpoint(s) beneath base path '/actuator'
2020-06-14 02:58:10,067 INFO org.springframework.boot.web.embedded.tomcat.TomcatWebServer [restartedMain] Tomcat started on port(s): 8080 (http) with context path ''
2020-06-14 02:58:10,070 INFO com.recipies.Myrecipies_app.MyrecipiesAppApplication [restartedMain] Started MyrecipiesAppApplication in 80.835 seconds (JVM running for 592.898)
2020-06-14 02:58:10,080 INFO org.springframework.boot.devtools.autoconfigure.ConditionEvaluationDeltaLoggingListener [restartedMain] Condition evaluation unchanged
2020-06-14 02:58:19,955 INFO org.springframework.web.servlet.DispatcherServlet [http-nio-8080-exec-2] Initializing Servlet 'dispatcherServlet'
2020-06-14 02:58:20,003 INFO org.springframework.web.servlet.DispatcherServlet [http-nio-8080-exec-2] Completed initialization in 19 ms
2020-06-14 02:58:20,005 DEBUG com.recipies.Myrecipies_app.jwt.JwtTokenAuthorizationOncePerRequestFilter [http-nio-8080-exec-2] Authentication Request For 'http://localhost:8080/authenticate'
2020-06-14 02:58:20,006 WARN com.recipies.Myrecipies_app.jwt.JwtTokenAuthorizationOncePerRequestFilter [http-nio-8080-exec-2] JWT_TOKEN_DOES_NOT_START_WITH_BEARER_STRING
2020-06-14 02:58:20,006 DEBUG com.recipies.Myrecipies_app.jwt.JwtTokenAuthorizationOncePerRequestFilter [http-nio-8080-exec-2] JWT_TOKEN_USERNAME_VALUE 'null'
2020-06-14 02:58:40,787 DEBUG com.recipies.Myrecipies_app.jwt.JwtTokenAuthorizationOncePerRequestFilter [http-nio-8080-exec-4] Authentication Request For 'http://localhost:8080/authenticate'
2020-06-14 02:58:40,788 WARN com.recipies.Myrecipies_app.jwt.JwtTokenAuthorizationOncePerRequestFilter [http-nio-8080-exec-4] JWT_TOKEN_DOES_NOT_START_WITH_BEARER_STRING
2020-06-14 02:58:40,789 DEBUG com.recipies.Myrecipies_app.jwt.JwtTokenAuthorizationOncePerRequestFilter [http-nio-8080-exec-4] JWT_TOKEN_USERNAME_VALUE 'null'
2020-06-14 03:02:04,460 DEBUG com.recipies.Myrecipies_app.jwt.JwtTokenAuthorizationOncePerRequestFilter [http-nio-8080-exec-7] Authentication Request For 'http://localhost:8080/api/Register/Users'
2020-06-14 03:02:04,462 WARN com.recipies.Myrecipies_app.jwt.JwtTokenAuthorizationOncePerRequestFilter [http-nio-8080-exec-7] JWT_TOKEN_DOES_NOT_START_WITH_BEARER_STRING
2020-06-14 03:02:04,462 DEBUG com.recipies.Myrecipies_app.jwt.JwtTokenAuthorizationOncePerRequestFilter [http-nio-8080-exec-7] JWT_TOKEN_USERNAME_VALUE 'null'
2020-06-14 03:04:06,203 DEBUG com.recipies.Myrecipies_app.jwt.JwtTokenAuthorizationOncePerRequestFilter [http-nio-8080-exec-9] Authentication Request For 'http://localhost:8080/api/Register/Users'
2020-06-14 03:04:18,045 DEBUG com.recipies.Myrecipies_app.jwt.JwtTokenAuthorizationOncePerRequestFilter [http-nio-8080-exec-9] JWT_TOKEN_USERNAME_VALUE 'sbaln@allstate.com'
2020-06-14 03:05:43,560 DEBUG com.recipies.Myrecipies_app.jwt.JwtTokenAuthorizationOncePerRequestFilter [http-nio-8080-exec-10] Authentication Request For 'http://localhost:8080/authenticate'
2020-06-14 03:05:43,571 DEBUG com.recipies.Myrecipies_app.jwt.JwtTokenAuthorizationOncePerRequestFilter [http-nio-8080-exec-10] JWT_TOKEN_USERNAME_VALUE 'sbaln@allstate.com'
2020-06-14 03:05:48,525 WARN org.springframework.web.servlet.PageNotFound [http-nio-8080-exec-10] Request method 'GET' not supported
2020-06-14 03:05:50,080 WARN org.springframework.web.servlet.mvc.method.annotation.ExceptionHandlerExceptionResolver [http-nio-8080-exec-10] Resolved [org.springframework.web.HttpRequestMethodNotSupportedException: Request method 'GET' not supported]
